[10:53:32] [main/WARN]: Ambiguity between arguments [teleport, destination] and [teleport, targets] with inputs: [Player, 0123, @e, dd12be42-52a9-4a91-a8a1-11c01849e498]
[10:53:32] [main/WARN]: Ambiguity between arguments [teleport, location] and [teleport, destination] with inputs: [0.1 -0.5 .9, 0 0 0]
[10:53:32] [main/WARN]: Ambiguity between arguments [teleport, location] and [teleport, targets] with inputs: [0.1 -0.5 .9, 0 0 0]
[10:53:32] [main/WARN]: Ambiguity between arguments [teleport, targets] and [teleport, destination] with inputs: [Player, 0123, dd12be42-52a9-4a91-a8a1-11c01849e498]
[10:53:32] [main/WARN]: Ambiguity between arguments [teleport, targets, location] and [teleport, targets, destination] with inputs: [0.1 -0.5 .9, 0 0 0]
[10:53:32] [main/INFO]: Loaded 0 recipes
[10:53:32] [main/INFO]: Loaded 0 advancements
[10:53:32] [Server thread/INFO]: Starting minecraft server version 1.13.2
[10:53:32] [Server thread/INFO]: Loading properties
[10:53:32] [Server thread/INFO]: Default game type: SURVIVAL
[10:53:32] [Server thread/INFO]: Generating keypair
[10:53:33] [Server thread/INFO]: Starting Minecraft server on *:25565
[10:53:33] [Server thread/INFO]: Using default channel type
[10:53:34] [Server thread/INFO]: Preparing level "world"
[10:53:34] [Server thread/INFO]: Found new data pack vanilla, loading it automatically
[10:53:34] [Server thread/INFO]: Reloading ResourceManager: Default
[10:53:35] [Server thread/INFO]: Loaded 524 recipes
[10:53:36] [Server thread/INFO]: Loaded 571 advancements
[10:53:40] [Server thread/INFO]: Preparing start region for dimension minecraft:overworld
[10:53:41] [Server thread/INFO]: Preparing spawn area: 0%
[10:53:42] [Server thread/INFO]: Preparing spawn area: 4%
[10:53:42] [Server thread/INFO]: Preparing spawn area: 8%
[10:53:43] [Server thread/INFO]: Preparing spawn area: 12%
[10:53:43] [Server thread/INFO]: Preparing spawn area: 16%
[10:53:43] [Server thread/INFO]: Preparing spawn area: 20%
[10:53:44] [Server thread/INFO]: Preparing spawn area: 24%
[10:53:44] [Server thread/INFO]: Preparing spawn area: 28%
[10:53:44] [Server thread/INFO]: Preparing spawn area: 32%
[10:53:45] [Server thread/INFO]: Preparing spawn area: 36%
[10:53:45] [Server thread/INFO]: Preparing spawn area: 40%
[10:53:45] [Server thread/INFO]: Preparing spawn area: 44%
[10:53:46] [Server thread/INFO]: Preparing spawn area: 48%
[10:53:46] [Server thread/INFO]: Preparing spawn area: 52%
[10:53:46] [Server thread/INFO]: Preparing spawn area: 56%
[10:53:46] [Server thread/INFO]: Preparing spawn area: 60%
[10:53:47] [Server thread/INFO]: Preparing spawn area: 64%
[10:53:47] [Server thread/INFO]: Preparing spawn area: 68%
[10:53:47] [Server thread/INFO]: Preparing spawn area: 72%
[10:53:48] [Server thread/INFO]: Preparing spawn area: 76%
[10:53:48] [Server thread/INFO]: Preparing spawn area: 80%
[10:53:48] [Server thread/INFO]: Preparing spawn area: 84%
[10:53:49] [Server thread/INFO]: Preparing spawn area: 88%
[10:53:49] [Server thread/INFO]: Preparing spawn area: 92%
[10:53:49] [Server thread/INFO]: Preparing spawn area: 96%
[10:53:50] [Server thread/INFO]: Preparing spawn area: 100%
[10:53:50] [Server thread/INFO]: Time elapsed: 9942 ms
[10:53:50] [Server thread/INFO]: Done (15.785s)! For help, type "help"
[10:54:05] [Server Shutdown Thread/INFO]: Stopping server
[10:54:05] [Server Shutdown Thread/INFO]: Saving players
